Arguments: 
  C:\Program Files\nodejs\node.exe C:\Users\Dell\AppData\Roaming\npm\node_modules\yarn\bin\yarn.js install

PATH: 
  C:\Program Files (x86)\Common Files\Oracle\Java\javapath;C:\Windows\system32;C:\Windows;C:\Windows\System32\Wbem;C:\Windows\System32\WindowsPowerShell\v1.0\;C:\Windows\System32\OpenSSH\;C:\Program Files\nodejs\;C:\Program Files\Java\jdk1.8.0_231\bin;C:\Users\Dell\AppData\Local\Android\Sdk\platform-tools;C:\Users\Dell\AppData\Local\Android\Sdk\emulator;C:\Users\Dell\AppData\Roaming\npm;C:\Program Files\Git\cmd;C:\Users\Dell\AppData\Local\Programs\Python\Python38\Scripts\;C:\Users\Dell\AppData\Local\Programs\Python\Python38\;C:\Users\Dell\AppData\Local\Microsoft\WindowsApps;C:\Users\Dell\AppData\Roaming\npm;C:\Users\Dell\AppData\Local\Programs\Microsoft VS Code\bin;C:\Program Files\heroku\bin;C:\Users\Dell\AppData\Local\Android\Sdk\platform-tools;

Yarn version: 
  1.21.0

Node version: 
  12.10.0

Platform: 
  win32 x64

Trace: 
  Error: getaddrinfo ENOTFOUND registry.yarnpkg.com
      at GetAddrInfoReqWrap.onlookup [as oncomplete] (dns.js:60:26)

npm manifest: 
  {
    "name": "devconnector",
    "version": "1.0.0",
    "description": "",
    "main": "server.js",
    "scripts": {
      "start": "node server",
      "server": "nodemon server",
      "client": "npm start --prefix client",
      "dev": "concurrently \"npm run server\" \"npm run client\""
    },
    "author": "",
    "license": "ISC",
    "dependencies": {
      "bcryptjs": "^2.4.3",
      "config": "^3.3.1",
      "express": "^4.17.1",
      "express-validator": "^6.4.0",
      "gravatar": "^1.8.0",
      "jsonwebtoken": "^8.5.1",
      "mongoose": "^5.9.9",
      "request": "^2.88.2"
    },
    "devDependencies": {
      "concurrently": "^5.1.0",
      "nodemon": "^2.0.3"
    }
  }

yarn manifest: 
  No manifest

Lockfile: 
  No lockfile
